<?xml version="1.0" encoding="UTF-8"?>
<!-- Generated by org.testng.reporters.JUnitReportReporter -->
<testsuite skipped="0" hostname="DESKTOP-G28MNR6" name="com.TestRunner.testrunner" tests="1" failures="0" timestamp="23 May 2020 07:13:13 GMT" time="45.291" errors="0">
  <testcase name="feature" time="45.291" classname="com.TestRunner.testrunner"/>
</testsuite> <!-- com.TestRunner.testrunner -->
