<?xml version="1.0" encoding="UTF-8"?>
<!-- Generated by org.testng.reporters.JUnitReportReporter -->
<testsuite skipped="0" hostname="DESKTOP-G28MNR6" name="com.TestRunner.testrunner" tests="1" failures="0" timestamp="06 Jun 2020 08:00:34 GMT" time="36.032" errors="0">
  <testcase name="feature" time="36.032" classname="com.TestRunner.testrunner"/>
</testsuite> <!-- com.TestRunner.testrunner -->
